<?xml version="1.0" encoding="UTF-8"?>
<!-- Generated by org.testng.reporters.JUnitReportReporter -->
<testsuite skipped="0" hostname="DESKTOP-UJPF9BD" name="Test.TestBuyScenario" tests="3" failures="0" timestamp="16 Feb 2021 11:40:59 GMT" time="38.654" errors="0">
  <testcase name="TC1" time="19.231" classname="Test.TestBuyScenario"/>
  <testcase name="TC2" time="16.164" classname="Test.TestBuyScenario"/>
  <testcase name="TC3" time="3.259" classname="Test.TestBuyScenario"/>
</testsuite> <!-- Test.TestBuyScenario -->
